===== processor #0 does reading country code file for 843(micro s) =====

invalid line: {"total_rows":215443567,"offset":211386044,"rows":[
invalid line: ]}
processor #0 processes 4057525 lines.
===== top 10 most commonly used hashtags =====
 1. #auspol                  , 15,361
 2. #coronavirus             , 9,361
 3. #oldme                   , 6,415
 4. #grammys                 , 5,003
 5. #firefightaustralia      , 4,826
 6. #scottyfrommarketing     , 4,752
 7. #sydney                  , 4,746
 8. #assange                 , 4,642
 9. #sportsrorts             , 4,283
10. #iheartawards            , 3,591

===== top 10 most commonly tweeted languages =====
 1. English    ( en), 3,107,116
 2. undefined  (und), 252,117
 3. Thai       ( th), 134,571
 4. Portuguese ( pt), 125,858
 5. Spanish    ( es), 74,028
 6. Japanese   ( ja), 49,929
 7. unknown    ( tl), 44,560
 8. unknown    ( in), 42,296
 9. French     ( fr), 38,098
10. Arabic     ( ar), 24,501

===== processor #0 does dumping output for 970758(micro s) =====

Programs runs 461965(micro s)

real	7m13.309s
user	0m0.029s
sys	0m0.040s
